<?xml version="1.0" encoding="UTF-8"?>
<!-- Generated by org.testng.reporters.JUnitReportReporter -->
<testsuite name="RestAssuredApi.RestAssuredApi.AddEmployeeDetail" tests="1" time="6.745" ignored="0" failures="0" timestamp="22 Apr 2020 07:22:26 GMT" skipped="0" hostname="dell-PC" errors="0">
  <testcase name="ADDemployeeDetail" time="6.745" classname="RestAssuredApi.RestAssuredApi.AddEmployeeDetail"/>
</testsuite> <!-- RestAssuredApi.RestAssuredApi.AddEmployeeDetail -->
