<?xml version="1.0" encoding="UTF-8"?>
<!-- Generated by org.testng.reporters.JUnitReportReporter -->
<testsuite name="RestAssuredApi.RestAssuredApi.DeleteResignedEmp" tests="1" time="5.763" ignored="0" failures="0" timestamp="22 Apr 2020 07:45:25 GMT" skipped="0" hostname="dell-PC" errors="0">
  <testcase name="ADDemployeeDetail" time="5.763" classname="RestAssuredApi.RestAssuredApi.DeleteResignedEmp"/>
</testsuite> <!-- RestAssuredApi.RestAssuredApi.DeleteResignedEmp -->
