<?xml version="1.0" encoding="UTF-8"?>
<!-- Generated by org.testng.reporters.JUnitReportReporter -->
<testsuite name="RestAssuredApi.RestAssuredApi.CreateFewEmployee" tests="1" time="5.721" ignored="0" failures="0" timestamp="21 Apr 2020 17:06:41 GMT" skipped="0" hostname="dell-PC" errors="0">
  <testcase name="createemployee" time="5.721" classname="RestAssuredApi.RestAssuredApi.CreateFewEmployee"/>
</testsuite> <!-- RestAssuredApi.RestAssuredApi.CreateFewEmployee -->
