<?xml version="1.0" encoding="UTF-8"?>
<!-- Generated by org.testng.reporters.JUnitReportReporter -->
<testsuite name="RestAssuredApi.RestAssuredApi.CreateFewEmployee" tests="1" time="6.031" ignored="0" failures="0" timestamp="22 Apr 2020 07:44:47 GMT" skipped="0" hostname="dell-PC" errors="0">
  <testcase name="createemployee" time="6.031" classname="RestAssuredApi.RestAssuredApi.CreateFewEmployee"/>
</testsuite> <!-- RestAssuredApi.RestAssuredApi.CreateFewEmployee -->
